<?xml version="1.0" encoding="UTF-8"?>
<!-- Generated by org.testng.reporters.JUnitReportReporter -->
<testsuite hostname="WAQUAR" name="com.autotest.crm.leads.Delete_Leads_Test" tests="1" failures="0" timestamp="26 Jul 2019 19:40:34 GMT" time="66.574" errors="0">
  <testcase name="test_Delete_Leads" time="66.574" classname="com.autotest.crm.leads.Delete_Leads_Test"/>
</testsuite> <!-- com.autotest.crm.leads.Delete_Leads_Test -->
